========== 2025-06-14 12:27:11 ==========
Mensaje de commit (dejar vacío para 'Auto-commit'): Haciendo commit...
[main 128400d] Auto-commit: 2025-06-14 12:27:11
 5 files changed, 57 insertions(+)
 create mode 100755 Python/ACOIIN/a.out
 create mode 100644 Python/ACOIIN/imc.py
 create mode 100644 Python/ACOIIN/mochiimc.cpp
 create mode 100644 push.log
 create mode 100755 push.sh
Haciendo push...
[2025-06-14 12:27:11] ❌ Error al hacer push
========== 2025-06-14 12:27:15 ==========
Mensaje de commit (dejar vacío para 'Auto-commit'): Haciendo commit...
[main 2dd3a03] Auto-commit: 2025-06-14 12:27:15
 1 file changed, 11 insertions(+)
Haciendo push...
[2025-06-14 12:27:15] ❌ Error al hacer push
========== 2025-06-14 12:28:56 ==========
Mensaje de commit (dejar vacío para 'Auto-commit'): Haciendo commit...
[main 1204ed1] Auto-commit: 2025-06-14 12:28:56
 1 file changed, 6 insertions(+)
Haciendo push...
branch 'main' set up to track 'origin/main'.
[2025-06-14 12:28:56] ✅ Push exitoso
========== 2025-06-18 10:12:47 ==========
