This is pdfTeX, Version 3.141592653-2.6-1.40.27 (TeX Live 2026/dev/Arch Linux) (preloaded format=pdflatex 2025.7.25)  4 AUG 2025 21:19
entering extended mode
 restricted \write18 enabled.
 file:line:error style messages enabled.
 %&-line parsing enabled.
**Apunte.tex
(./Apunte.tex
LaTeX2e <2024-11-01> patch level 2
L3 programming layer <2025-01-18>
(/usr/share/texmf-dist/tex/latex/base/article.cls
Document Class: article 2024/06/29 v1.4n Standard LaTeX document class
(/usr/share/texmf-dist/tex/latex/base/size10.clo
File: size10.clo 2024/06/29 v1.4n Standard LaTeX file (size option)
)
\c@part=\count196
\c@section=\count197
\c@subsection=\count198
\c@subsubsection=\count199
\c@paragraph=\count266
\c@subparagraph=\count267
\c@figure=\count268
\c@table=\count269
\abovecaptionskip=\skip49
\belowcaptionskip=\skip50
\bibindent=\dimen141
) (/usr/share/texmf-dist/tex/latex/geometry/geometry.sty
Package: geometry 2020/01/02 v5.9 Page Geometry
 (/usr/share/texmf-dist/tex/latex/graphics/keyval.sty
Package: keyval 2022/05/29 v1.15 key=value parser (DPC)
\KV@toks@=\toks17
) (/usr/share/texmf-dist/tex/generic/iftex/ifvtex.sty
Package: ifvtex 2019/10/25 v1.7 ifvtex legacy package. Use iftex instead.
 (/usr/share/texmf-dist/tex/generic/iftex/iftex.sty
Package: iftex 2024/12/12 v1.0g TeX engine tests
))
\Gm@cnth=\count270
\Gm@cntv=\count271
\c@Gm@tempcnt=\count272
\Gm@bindingoffset=\dimen142
\Gm@wd@mp=\dimen143
\Gm@odd@mp=\dimen144
\Gm@even@mp=\dimen145
\Gm@layoutwidth=\dimen146
\Gm@layoutheight=\dimen147
\Gm@layouthoffset=\dimen148
\Gm@layoutvoffset=\dimen149
\Gm@dimlist=\toks18
) (/usr/share/texmf-dist/tex/latex/amsmath/amsmath.sty
Package: amsmath 2024/11/05 v2.17t AMS math features
\@mathmargin=\skip51

For additional information on amsmath, use the `?' option.
(/usr/share/texmf-dist/tex/latex/amsmath/amstext.sty
Package: amstext 2021/08/26 v2.01 AMS text
 (/usr/share/texmf-dist/tex/latex/amsmath/amsgen.sty
File: amsgen.sty 1999/11/30 v2.0 generic functions
\@emptytoks=\toks19
\ex@=\dimen150
)) (/usr/share/texmf-dist/tex/latex/amsmath/amsbsy.sty
Package: amsbsy 1999/11/29 v1.2d Bold Symbols
\pmbraise@=\dimen151
) (/usr/share/texmf-dist/tex/latex/amsmath/amsopn.sty
Package: amsopn 2022/04/08 v2.04 operator names
)
\inf@bad=\count273
LaTeX Info: Redefining \frac on input line 233.
\uproot@=\count274
\leftroot@=\count275
LaTeX Info: Redefining \overline on input line 398.
LaTeX Info: Redefining \colon on input line 409.
\classnum@=\count276
\DOTSCASE@=\count277
LaTeX Info: Redefining \ldots on input line 495.
LaTeX Info: Redefining \dots on input line 498.
LaTeX Info: Redefining \cdots on input line 619.
\Mathstrutbox@=\box52
\strutbox@=\box53
LaTeX Info: Redefining \big on input line 721.
LaTeX Info: Redefining \Big on input line 722.
LaTeX Info: Redefining \bigg on input line 723.
LaTeX Info: Redefining \Bigg on input line 724.
\big@size=\dimen152
LaTeX Font Info:    Redeclaring font encoding OML on input line 742.
LaTeX Font Info:    Redeclaring font encoding OMS on input line 743.
\macc@depth=\count278
LaTeX Info: Redefining \bmod on input line 904.
LaTeX Info: Redefining \pmod on input line 909.
LaTeX Info: Redefining \smash on input line 939.
LaTeX Info: Redefining \relbar on input line 969.
LaTeX Info: Redefining \Relbar on input line 970.
\c@MaxMatrixCols=\count279
\dotsspace@=\muskip17
\c@parentequation=\count280
\dspbrk@lvl=\count281
\tag@help=\toks20
\row@=\count282
\column@=\count283
\maxfields@=\count284
\andhelp@=\toks21
\eqnshift@=\dimen153
\alignsep@=\dimen154
\tagshift@=\dimen155
\tagwidth@=\dimen156
\totwidth@=\dimen157
\lineht@=\dimen158
\@envbody=\toks22
\multlinegap=\skip52
\multlinetaggap=\skip53
\mathdisplay@stack=\toks23
LaTeX Info: Redefining \[ on input line 2953.
LaTeX Info: Redefining \] on input line 2954.
) (/usr/share/texmf-dist/tex/latex/amsfonts/amssymb.sty
Package: amssymb 2013/01/14 v3.01 AMS font symbols
 (/usr/share/texmf-dist/tex/latex/amsfonts/amsfonts.sty
Package: amsfonts 2013/01/14 v3.01 Basic AMSFonts support
\symAMSa=\mathgroup4
\symAMSb=\mathgroup5
LaTeX Font Info:    Redeclaring math symbol \hbar on input line 98.
LaTeX Font Info:    Overwriting math alphabet `\mathfrak' in version `bold'
(Font)                  U/euf/m/n --> U/euf/b/n on input line 106.
)) (/usr/share/texmf-dist/tex/latex/graphics/graphicx.sty
Package: graphicx 2021/09/16 v1.2d Enhanced LaTeX Graphics (DPC,SPQR)
 (/usr/share/texmf-dist/tex/latex/graphics/graphics.sty
Package: graphics 2024/08/06 v1.4g Standard LaTeX Graphics (DPC,SPQR)
 (/usr/share/texmf-dist/tex/latex/graphics/trig.sty
Package: trig 2023/12/02 v1.11 sin cos tan (DPC)
) (/usr/share/texmf-dist/tex/latex/graphics-cfg/graphics.cfg
File: graphics.cfg 2016/06/04 v1.11 sample graphics configuration
)
Package graphics Info: Driver file: pdftex.def on input line 106.
 (/usr/share/texmf-dist/tex/latex/graphics-def/pdftex.def
File: pdftex.def 2024/04/13 v1.2c Graphics/color driver for pdftex
))
\Gin@req@height=\dimen159
\Gin@req@width=\dimen160
) (/usr/share/texmf-dist/tex/latex/hyperref/hyperref.sty
Package: hyperref 2024-11-05 v7.01l Hypertext links for LaTeX
 (/usr/share/texmf-dist/tex/latex/kvsetkeys/kvsetkeys.sty
Package: kvsetkeys 2022-10-05 v1.19 Key value parser (HO)
) (/usr/share/texmf-dist/tex/generic/kvdefinekeys/kvdefinekeys.sty
Package: kvdefinekeys 2019-12-19 v1.6 Define keys (HO)
) (/usr/share/texmf-dist/tex/generic/pdfescape/pdfescape.sty
Package: pdfescape 2019/12/09 v1.15 Implements pdfTeX's escape features (HO)
 (/usr/share/texmf-dist/tex/generic/ltxcmds/ltxcmds.sty
Package: ltxcmds 2023-12-04 v1.26 LaTeX kernel commands for general use (HO)
) (/usr/share/texmf-dist/tex/generic/pdftexcmds/pdftexcmds.sty
Package: pdftexcmds 2020-06-27 v0.33 Utility functions of pdfTeX for LuaTeX (HO)
 (/usr/share/texmf-dist/tex/generic/infwarerr/infwarerr.sty
Package: infwarerr 2019/12/03 v1.5 Providing info/warning/error messages (HO)
)
Package pdftexcmds Info: \pdf@primitive is available.
Package pdftexcmds Info: \pdf@ifprimitive is available.
Package pdftexcmds Info: \pdfdraftmode found.
)) (/usr/share/texmf-dist/tex/latex/hycolor/hycolor.sty
Package: hycolor 2020-01-27 v1.10 Color options for hyperref/bookmark (HO)
) (/usr/share/texmf-dist/tex/latex/hyperref/nameref.sty
Package: nameref 2023-11-26 v2.56 Cross-referencing by name of section
 (/usr/share/texmf-dist/tex/latex/refcount/refcount.sty
Package: refcount 2019/12/15 v3.6 Data extraction from label references (HO)
) (/usr/share/texmf-dist/tex/generic/gettitlestring/gettitlestring.sty
Package: gettitlestring 2019/12/15 v1.6 Cleanup title references (HO)
 (/usr/share/texmf-dist/tex/latex/kvoptions/kvoptions.sty
Package: kvoptions 2022-06-15 v3.15 Key value format for package options (HO)
))
\c@section@level=\count285
) (/usr/share/texmf-dist/tex/latex/etoolbox/etoolbox.sty
Package: etoolbox 2025/02/11 v2.5l e-TeX tools for LaTeX (JAW)
\etb@tempcnta=\count286
) (/usr/share/texmf-dist/tex/generic/stringenc/stringenc.sty
Package: stringenc 2019/11/29 v1.12 Convert strings between diff. encodings (HO)
)
\@linkdim=\dimen161
\Hy@linkcounter=\count287
\Hy@pagecounter=\count288
 (/usr/share/texmf-dist/tex/latex/hyperref/pd1enc.def
File: pd1enc.def 2024-11-05 v7.01l Hyperref: PDFDocEncoding definition (HO)
Now handling font encoding PD1 ...
... no UTF-8 mapping file for font encoding PD1
) (/usr/share/texmf-dist/tex/generic/intcalc/intcalc.sty
Package: intcalc 2019/12/15 v1.3 Expandable calculations with integers (HO)
)
\Hy@SavedSpaceFactor=\count289
 (/usr/share/texmf-dist/tex/latex/hyperref/puenc.def
File: puenc.def 2024-11-05 v7.01l Hyperref: PDF Unicode definition (HO)
Now handling font encoding PU ...
... no UTF-8 mapping file for font encoding PU
)
Package hyperref Info: Hyper figures OFF on input line 4157.
Package hyperref Info: Link nesting OFF on input line 4162.
Package hyperref Info: Hyper index ON on input line 4165.
Package hyperref Info: Plain pages OFF on input line 4172.
Package hyperref Info: Backreferencing OFF on input line 4177.
Package hyperref Info: Implicit mode ON; LaTeX internals redefined.
Package hyperref Info: Bookmarks ON on input line 4424.
\c@Hy@tempcnt=\count290
 (/usr/share/texmf-dist/tex/latex/url/url.sty
\Urlmuskip=\muskip18
Package: url 2013/09/16  ver 3.4  Verb mode for urls, etc.
)
LaTeX Info: Redefining \url on input line 4763.
\XeTeXLinkMargin=\dimen162
 (/usr/share/texmf-dist/tex/generic/bitset/bitset.sty
Package: bitset 2019/12/09 v1.3 Handle bit-vector datatype (HO)
 (/usr/share/texmf-dist/tex/generic/bigintcalc/bigintcalc.sty
Package: bigintcalc 2019/12/15 v1.5 Expandable calculations on big integers (HO)
))
\Fld@menulength=\count291
\Field@Width=\dimen163
\Fld@charsize=\dimen164
Package hyperref Info: Hyper figures OFF on input line 6042.
Package hyperref Info: Link nesting OFF on input line 6047.
Package hyperref Info: Hyper index ON on input line 6050.
Package hyperref Info: backreferencing OFF on input line 6057.
Package hyperref Info: Link coloring OFF on input line 6062.
Package hyperref Info: Link coloring with OCG OFF on input line 6067.
Package hyperref Info: PDF/A mode OFF on input line 6072.
 (/usr/share/texmf-dist/tex/latex/base/atbegshi-ltx.sty
Package: atbegshi-ltx 2021/01/10 v1.0c Emulation of the original atbegshi
package with kernel methods
)
\Hy@abspage=\count292
\c@Item=\count293
\c@Hfootnote=\count294
)
Package hyperref Info: Driver (autodetected): hpdftex.
 (/usr/share/texmf-dist/tex/latex/hyperref/hpdftex.def
File: hpdftex.def 2024-11-05 v7.01l Hyperref driver for pdfTeX
 (/usr/share/texmf-dist/tex/latex/base/atveryend-ltx.sty
Package: atveryend-ltx 2020/08/19 v1.0a Emulation of the original atveryend package
with kernel methods
)
\Fld@listcount=\count295
\c@bookmark@seq@number=\count296
 (/usr/share/texmf-dist/tex/latex/rerunfilecheck/rerunfilecheck.sty
Package: rerunfilecheck 2022-07-10 v1.10 Rerun checks for auxiliary files (HO)

(/usr/share/texmf-dist/tex/generic/uniquecounter/uniquecounter.sty
Package: uniquecounter 2019/12/15 v1.4 Provide unlimited unique counter (HO)
)
Package uniquecounter Info: New unique counter `rerunfilecheck' on input line 285.
)
\Hy@SectionHShift=\skip54
) (/usr/share/texmf-dist/tex/latex/listings/listings.sty
\lst@mode=\count297
\lst@gtempboxa=\box54
\lst@token=\toks24
\lst@length=\count298
\lst@currlwidth=\dimen165
\lst@column=\count299
\lst@pos=\count300
\lst@lostspace=\dimen166
\lst@width=\dimen167
\lst@newlines=\count301
\lst@lineno=\count302
\lst@maxwidth=\dimen168
 (/usr/share/texmf-dist/tex/latex/listings/lstpatch.sty
File: lstpatch.sty 2024/09/23 1.10c (Carsten Heinz)
) (/usr/share/texmf-dist/tex/latex/listings/lstmisc.sty
File: lstmisc.sty 2024/09/23 1.10c (Carsten Heinz)
\c@lstnumber=\count303
\lst@skipnumbers=\count304
\lst@framebox=\box55
) (/usr/share/texmf-dist/tex/latex/listings/listings.cfg
File: listings.cfg 2024/09/23 1.10c listings configuration
))
Package: listings 2024/09/23 1.10c (Carsten Heinz)
 (/usr/share/texmf-dist/tex/latex/xcolor/xcolor.sty
Package: xcolor 2024/09/29 v3.02 LaTeX color extensions (UK)
 (/usr/share/texmf-dist/tex/latex/graphics-cfg/color.cfg
File: color.cfg 2016/01/02 v1.6 sample color configuration
)
Package xcolor Info: Driver file: pdftex.def on input line 274.
 (/usr/share/texmf-dist/tex/latex/graphics/mathcolor.ltx)
Package xcolor Info: Model `cmy' substituted by `cmy0' on input line 1349.
Package xcolor Info: Model `hsb' substituted by `rgb' on input line 1353.
Package xcolor Info: Model `RGB' extended on input line 1365.
Package xcolor Info: Model `HTML' substituted by `rgb' on input line 1367.
Package xcolor Info: Model `Hsb' substituted by `hsb' on input line 1368.
Package xcolor Info: Model `tHsb' substituted by `hsb' on input line 1369.
Package xcolor Info: Model `HSB' substituted by `hsb' on input line 1370.
Package xcolor Info: Model `Gray' substituted by `gray' on input line 1371.
Package xcolor Info: Model `wave' substituted by `hsb' on input line 1372.
) (/usr/share/texmf-dist/tex/latex/tools/multicol.sty
Package: multicol 2024/09/14 v1.9i multicolumn formatting (FMi)
\c@tracingmulticols=\count305
\mult@box=\box56
\multicol@leftmargin=\dimen169
\c@unbalance=\count306
\c@collectmore=\count307
\doublecol@number=\count308
\multicoltolerance=\count309
\multicolpretolerance=\count310
\full@width=\dimen170
\page@free=\dimen171
\premulticols=\dimen172
\postmulticols=\dimen173
\multicolsep=\skip55
\multicolbaselineskip=\skip56
\partial@page=\box57
\last@line=\box58
\mc@boxedresult=\box59
\maxbalancingoverflow=\dimen174
\mult@rightbox=\box60
\mult@grightbox=\box61
\mult@firstbox=\box62
\mult@gfirstbox=\box63
\@tempa=\box64
\@tempa=\box65
\@tempa=\box66
\@tempa=\box67
\@tempa=\box68
\@tempa=\box69
\@tempa=\box70
\@tempa=\box71
\@tempa=\box72
\@tempa=\box73
\@tempa=\box74
\@tempa=\box75
\@tempa=\box76
\@tempa=\box77
\@tempa=\box78
\@tempa=\box79
\@tempa=\box80
\@tempa=\box81
\@tempa=\box82
\@tempa=\box83
\@tempa=\box84
\@tempa=\box85
\@tempa=\box86
\@tempa=\box87
\@tempa=\box88
\@tempa=\box89
\@tempa=\box90
\@tempa=\box91
\@tempa=\box92
\@tempa=\box93
\@tempa=\box94
\@tempa=\box95
\@tempa=\box96
\@tempa=\box97
\@tempa=\box98
\@tempa=\box99
\c@minrows=\count311
\c@columnbadness=\count312
\c@finalcolumnbadness=\count313
\last@try=\dimen175
\multicolovershoot=\dimen176
\multicolundershoot=\dimen177
\mult@nat@firstbox=\box100
\colbreak@box=\box101
\mc@col@check@num=\count314
) (/usr/share/texmf-dist/tex/latex/titlesec/titlesec.sty
Package: titlesec 2025/01/04 v2.17 Sectioning titles
\ttl@box=\box102
\beforetitleunit=\skip57
\aftertitleunit=\skip58
\ttl@plus=\dimen178
\ttl@minus=\dimen179
\ttl@toksa=\toks25
\titlewidth=\dimen180
\titlewidthlast=\dimen181
\titlewidthfirst=\dimen182
) (/usr/share/texmf-dist/tex/latex/enumitem/enumitem.sty
Package: enumitem 2025/02/06 v3.11 Customized lists
\labelindent=\skip59
\enit@outerparindent=\dimen183
\enit@toks=\toks26
\enit@inbox=\box103
\enit@count@id=\count315
\enitdp@description=\count316
) (/usr/share/texmf-dist/tex/latex/booktabs/booktabs.sty
Package: booktabs 2020/01/12 v1.61803398 Publication quality tables
\heavyrulewidth=\dimen184
\lightrulewidth=\dimen185
\cmidrulewidth=\dimen186
\belowrulesep=\dimen187
\belowbottomsep=\dimen188
\aboverulesep=\dimen189
\abovetopsep=\dimen190
\cmidrulesep=\dimen191
\cmidrulekern=\dimen192
\defaultaddspace=\dimen193
\@cmidla=\count317
\@cmidlb=\count318
\@aboverulesep=\dimen194
\@belowrulesep=\dimen195
\@thisruleclass=\count319
\@lastruleclass=\count320
\@thisrulewidth=\dimen196
)
Package hyperref Info: Option `colorlinks' set `true' on input line 35.
 (/usr/share/texmf-dist/tex/latex/listings/lstlang1.sty
File: lstlang1.sty 2024/09/23 1.10c listings language file
) (/usr/share/texmf-dist/tex/latex/listings/lstlang1.sty
File: lstlang1.sty 2024/09/23 1.10c listings language file
) (/usr/share/texmf-dist/tex/latex/listings/lstmisc.sty
File: lstmisc.sty 2024/09/23 1.10c (Carsten Heinz)
) (/usr/share/texmf-dist/tex/latex/l3backend/l3backend-pdftex.def
File: l3backend-pdftex.def 2024-05-08 L3 backend support: PDF output (pdfTeX)
\l__color_backend_stack_int=\count321
\l__pdf_internal_box=\box104
) (./Apunte.aux)
\openout1 = `Apunte.aux'.

LaTeX Font Info:    Checking defaults for OML/cmm/m/it on input line 79.
LaTeX Font Info:    ... okay on input line 79.
LaTeX Font Info:    Checking defaults for OMS/cmsy/m/n on input line 79.
LaTeX Font Info:    ... okay on input line 79.
LaTeX Font Info:    Checking defaults for OT1/cmr/m/n on input line 79.
LaTeX Font Info:    ... okay on input line 79.
LaTeX Font Info:    Checking defaults for T1/cmr/m/n on input line 79.
LaTeX Font Info:    ... okay on input line 79.
LaTeX Font Info:    Checking defaults for TS1/cmr/m/n on input line 79.
LaTeX Font Info:    ... okay on input line 79.
LaTeX Font Info:    Checking defaults for OMX/cmex/m/n on input line 79.
LaTeX Font Info:    ... okay on input line 79.
LaTeX Font Info:    Checking defaults for U/cmr/m/n on input line 79.
LaTeX Font Info:    ... okay on input line 79.
LaTeX Font Info:    Checking defaults for PD1/pdf/m/n on input line 79.
LaTeX Font Info:    ... okay on input line 79.
LaTeX Font Info:    Checking defaults for PU/pdf/m/n on input line 79.
LaTeX Font Info:    ... okay on input line 79.

*geometry* driver: auto-detecting
*geometry* detected driver: pdftex
*geometry* verbose mode - [ preamble ] result:
* driver: pdftex
* paper: a4paper
* layout: <same size as paper>
* layoutoffset:(h,v)=(0.0pt,0.0pt)
* modes: 
* h-part:(L,W,R)=(50.58878pt, 496.33032pt, 50.58878pt)
* v-part:(T,H,B)=(50.58878pt, 743.8693pt, 50.58878pt)
* \paperwidth=597.50787pt
* \paperheight=845.04684pt
* \textwidth=496.33032pt
* \textheight=743.8693pt
* \oddsidemargin=-21.68121pt
* \evensidemargin=-21.68121pt
* \topmargin=-58.68121pt
* \headheight=12.0pt
* \headsep=25.0pt
* \topskip=10.0pt
* \footskip=30.0pt
* \marginparwidth=65.0pt
* \marginparsep=11.0pt
* \columnsep=10.0pt
* \skip\footins=9.0pt plus 4.0pt minus 2.0pt
* \hoffset=0.0pt
* \voffset=0.0pt
* \mag=1000
* \@twocolumnfalse
* \@twosidefalse
* \@mparswitchfalse
* \@reversemarginfalse
* (1in=72.27pt=25.4mm, 1cm=28.453pt)

(/usr/share/texmf-dist/tex/context/base/mkii/supp-pdf.mkii
[Loading MPS to PDF converter (version 2006.09.02).]
\scratchcounter=\count322
\scratchdimen=\dimen197
\scratchbox=\box105
\nofMPsegments=\count323
\nofMParguments=\count324
\everyMPshowfont=\toks27
\MPscratchCnt=\count325
\MPscratchDim=\dimen198
\MPnumerator=\count326
\makeMPintoPDFobject=\count327
\everyMPtoPDFconversion=\toks28
) (/usr/share/texmf-dist/tex/latex/epstopdf-pkg/epstopdf-base.sty
Package: epstopdf-base 2020-01-24 v2.11 Base part for package epstopdf
Package epstopdf-base Info: Redefining graphics rule for `.eps' on input line 485.
 (/usr/share/texmf-dist/tex/latex/latexconfig/epstopdf-sys.cfg
File: epstopdf-sys.cfg 2010/07/13 v1.3 Configuration of (r)epstopdf for TeX Live
))
Package hyperref Info: Link coloring ON on input line 79.
\@outlinefile=\write3
\openout3 = `Apunte.out'.

\c@lstlisting=\count328
LaTeX Font Info:    Trying to load font information for U+msa on input line 84.
 (/usr/share/texmf-dist/tex/latex/amsfonts/umsa.fd
File: umsa.fd 2013/01/14 v3.01 AMS symbols A
)
LaTeX Font Info:    Trying to load font information for U+msb on input line 84.
 (/usr/share/texmf-dist/tex/latex/amsfonts/umsb.fd
File: umsb.fd 2013/01/14 v3.01 AMS symbols B
) (./Apunte.toc)
\tf@toc=\write4
\openout4 = `Apunte.toc'.

 [1

{/var/lib/texmf/fonts/map/pdftex/updmap/pdftex.map}]
./Apunte.tex:152: Missing $ inserted.
<inserted text> 
                $
l.152     \item \code{v.push_back(val)}
                                       : Add to end. O(1) amortized.
I've inserted a begin-math/end-math symbol since I think
you left one out. Proceed, with fingers crossed.

./Apunte.tex:152: Extra }, or forgotten $.
<recently read> \egroup 
                        
l.152     \item \code{v.push_back(val)}
                                       : Add to end. O(1) amortized.
I've deleted a group-closing symbol because it seems to be
spurious, as in `$x}$'. But perhaps the } is legitimate and
you forgot something else, as in `\hbox{$x}'. In such cases
the way to recover is to insert both the forgotten and the
deleted material, e.g., by typing `I$}'.


./Apunte.tex:153: LaTeX Error: Command \item invalid in math mode.

See the LaTeX manual or LaTeX Companion for explanation.
Type  H <return>  for immediate help.
 ...                                              
                                                  
l.153     \item
                \code{v.pop_back()}: Remove from end. O(1).
Try typing  <return>  to proceed.
If that doesn't work, type  X <return>  to quit.

./Apunte.tex:153: Missing $ inserted.
<inserted text> 
                $
l.153     \item \code
                     {v.pop_back()}: Remove from end. O(1).
I've inserted a begin-math/end-math symbol since I think
you left one out. Proceed, with fingers crossed.

./Apunte.tex:153: Missing $ inserted.
<inserted text> 
                $
l.153     \item \code{v.pop_back()}
                                   : Remove from end. O(1).
I've inserted a begin-math/end-math symbol since I think
you left one out. Proceed, with fingers crossed.

./Apunte.tex:153: Extra }, or forgotten $.
<recently read> \egroup 
                        
l.153     \item \code{v.pop_back()}
                                   : Remove from end. O(1).
I've deleted a group-closing symbol because it seems to be
spurious, as in `$x}$'. But perhaps the } is legitimate and
you forgot something else, as in `\hbox{$x}'. In such cases
the way to recover is to insert both the forgotten and the
deleted material, e.g., by typing `I$}'.


./Apunte.tex:154: LaTeX Error: Command \item invalid in math mode.

See the LaTeX manual or LaTeX Companion for explanation.
Type  H <return>  for immediate help.
 ...                                              
                                                  
l.154     \item
                \code{v.size()}: Number of elements.
Try typing  <return>  to proceed.
If that doesn't work, type  X <return>  to quit.

./Apunte.tex:154: Missing $ inserted.
<inserted text> 
                $
l.154     \item \code
                     {v.size()}: Number of elements.
I've inserted a begin-math/end-math symbol since I think
you left one out. Proceed, with fingers crossed.


Underfull \hbox (badness 10000) in paragraph at lines 155--156
[]\OT1/cmtt/m/n/10 v.begin(), v.end(): Iterators to start
 []

./Apunte.tex:157: Missing } inserted.
<inserted text> 
                }
l.157 \end{itemize}
                   
I've inserted something that you may have forgotten.
(See the <inserted text> above.)
With luck, this will get me unwedged. But if you
really didn't forget anything, try typing `2' now; then
my insertion and my current dilemma will both disappear.

./Apunte.tex:157: Missing } inserted.
<inserted text> 
                }
l.157 \end{itemize}
                   
I've inserted something that you may have forgotten.
(See the <inserted text> above.)
With luck, this will get me unwedged. But if you
really didn't forget anything, try typing `2' now; then
my insertion and my current dilemma will both disappear.

./Apunte.tex:165: Missing $ inserted.
<inserted text> 
                $
l.165     \item \code{s.lower_bound(val)}
                                         : Iterator to first element $\ge$ val.
I've inserted a begin-math/end-math symbol since I think
you left one out. Proceed, with fingers crossed.

./Apunte.tex:165: Extra }, or forgotten $.
<recently read> \egroup 
                        
l.165     \item \code{s.lower_bound(val)}
                                         : Iterator to first element $\ge$ val.
I've deleted a group-closing symbol because it seems to be
spurious, as in `$x}$'. But perhaps the } is legitimate and
you forgot something else, as in `\hbox{$x}'. In such cases
the way to recover is to insert both the forgotten and the
deleted material, e.g., by typing `I$}'.

./Apunte.tex:165: Missing $ inserted.
<inserted text> 
                $
l.165 ...und(val)}: Iterator to first element $\ge
                                                  $ val.
I've inserted a begin-math/end-math symbol since I think
you left one out. Proceed, with fingers crossed.


Underfull \hbox (badness 5050) in paragraph at lines 165--166
[]\OT1/cmtt/m/n/10 s.lower$[]\OML/cmm/m/it/10 ound\OT1/cmr/m/n/10 (\OML/cmm/m/it/10 val\OT1/cmr/m/n/10 ) : \OML/cmm/m/it/10 Iteratortofirstelement$$\OMS/cmsy/m/n/10 ^^U$
 []

./Apunte.tex:166: Missing $ inserted.
<inserted text> 
                $
l.166     \item \code{s.upper_bound(val)}
                                         : Iterator to first element > val.
I've inserted a begin-math/end-math symbol since I think
you left one out. Proceed, with fingers crossed.

./Apunte.tex:166: Extra }, or forgotten $.
<recently read> \egroup 
                        
l.166     \item \code{s.upper_bound(val)}
                                         : Iterator to first element > val.
I've deleted a group-closing symbol because it seems to be
spurious, as in `$x}$'. But perhaps the } is legitimate and
you forgot something else, as in `\hbox{$x}'. In such cases
the way to recover is to insert both the forgotten and the
deleted material, e.g., by typing `I$}'.


./Apunte.tex:167: LaTeX Error: Command \item invalid in math mode.

See the LaTeX manual or LaTeX Companion for explanation.
Type  H <return>  for immediate help.
 ...                                              
                                                  
l.167     \item
                `*s.begin()`, `*s.rbegin()`: Smallest/largest element.
Try typing  <return>  to proceed.
If that doesn't work, type  X <return>  to quit.

./Apunte.tex:167: Missing $ inserted.
<inserted text> 
                $
l.167     \item `
                 *s.begin()`, `*s.rbegin()`: Smallest/largest element.
I've inserted a begin-math/end-math symbol since I think
you left one out. Proceed, with fingers crossed.


Overfull \hbox (17.55789pt too wide) in paragraph at lines 167--168
[]\OT1/cmtt/m/n/10 `*s.begin()`, `*s.rbegin()`: Smallest/largest
 []

./Apunte.tex:168: Missing } inserted.
<inserted text> 
                }
l.168 \end{itemize}
                   
I've inserted something that you may have forgotten.
(See the <inserted text> above.)
With luck, this will get me unwedged. But if you
really didn't forget anything, try typing `2' now; then
my insertion and my current dilemma will both disappear.

./Apunte.tex:168: Missing } inserted.
<inserted text> 
                }
l.168 \end{itemize}
                   
I've inserted something that you may have forgotten.
(See the <inserted text> above.)
With luck, this will get me unwedged. But if you
really didn't forget anything, try typing `2' now; then
my insertion and my current dilemma will both disappear.

./Apunte.tex:175: Missing $ inserted.
<inserted text> 
                $
l.175 ...\item \textbf{Note}: \code{unordered_map}
                                                   is O(1) on average but ca...
I've inserted a begin-math/end-math symbol since I think
you left one out. Proceed, with fingers crossed.

./Apunte.tex:175: Extra }, or forgotten $.
<recently read> \egroup 
                        
l.175 ...\item \textbf{Note}: \code{unordered_map}
                                                   is O(1) on average but ca...
I've deleted a group-closing symbol because it seems to be
spurious, as in `$x}$'. But perhaps the } is legitimate and
you forgot something else, as in `\hbox{$x}'. In such cases
the way to recover is to insert both the forgotten and the
deleted material, e.g., by typing `I$}'.


./Apunte.tex:176: LaTeX Error: Command \end{itemize} invalid in math mode.

See the LaTeX manual or LaTeX Companion for explanation.
Type  H <return>  for immediate help.
 ...                                              
                                                  
l.176 \end{itemize}
                   
Try typing  <return>  to proceed.
If that doesn't work, type  X <return>  to quit.

./Apunte.tex:176: Missing $ inserted.
<inserted text> 
                $
l.176 \end{itemize}
                   
I've inserted a begin-math/end-math symbol since I think
you left one out. Proceed, with fingers crossed.


Overfull \hbox (64.13417pt too wide) in paragraph at lines 175--176
[]\OT1/cmr/bx/n/10 Note\OT1/cmr/m/n/10 : \OT1/cmtt/m/n/10 unordered$[]\OML/cmm/m/it/10 apisO\OT1/cmr/m/n/10 (1)\OML/cmm/m/it/10 onaveragebutcanhavehashcollisions:
 []


Underfull \hbox (badness 10000) in paragraph at lines 175--176

 []

./Apunte.tex:176: Missing } inserted.
<inserted text> 
                }
l.176 \end{itemize}
                   
I've inserted something that you may have forgotten.
(See the <inserted text> above.)
With luck, this will get me unwedged. But if you
really didn't forget anything, try typing `2' now; then
my insertion and my current dilemma will both disappear.

./Apunte.tex:185: Missing $ inserted.
<inserted text> 
                $
l.185 ...y_queue<int, vec<int>, greater<int>> pq;}
                                                  .
I've inserted a begin-math/end-math symbol since I think
you left one out. Proceed, with fingers crossed.

./Apunte.tex:185: Extra }, or forgotten $.
<recently read> \egroup 
                        
l.185 ...y_queue<int, vec<int>, greater<int>> pq;}
                                                  .
I've deleted a group-closing symbol because it seems to be
spurious, as in `$x}$'. But perhaps the } is legitimate and
you forgot something else, as in `\hbox{$x}'. In such cases
the way to recover is to insert both the forgotten and the
deleted material, e.g., by typing `I$}'.

./Apunte.tex:186: Missing $ inserted.
<inserted text> 
                $
l.186 
      
I've inserted a begin-math/end-math symbol since I think
you left one out. Proceed, with fingers crossed.

LaTeX Font Info:    Font shape `OT1/cmtt/bx/n' in size <10> not available
(Font)              Font shape `OT1/cmtt/m/n' tried instead on input line 187.
./Apunte.tex:191: Missing $ inserted.
<inserted text> 
                $
l.191     \item \code{min_element(all(v))}
                                          , \code{max_element(all(v))}. O(N).
I've inserted a begin-math/end-math symbol since I think
you left one out. Proceed, with fingers crossed.

./Apunte.tex:191: Extra }, or forgotten $.
<recently read> \egroup 
                        
l.191     \item \code{min_element(all(v))}
                                          , \code{max_element(all(v))}. O(N).
I've deleted a group-closing symbol because it seems to be
spurious, as in `$x}$'. But perhaps the } is legitimate and
you forgot something else, as in `\hbox{$x}'. In such cases
the way to recover is to insert both the forgotten and the
deleted material, e.g., by typing `I$}'.

./Apunte.tex:191: Missing $ inserted.
<inserted text> 
                $
l.191 ...ment(all(v))}, \code{max_element(all(v))}
                                                  . O(N).
I've inserted a begin-math/end-math symbol since I think
you left one out. Proceed, with fingers crossed.

./Apunte.tex:191: Extra }, or forgotten $.
\textdef@ ...th {#1}\let \f@size #2\selectfont #3}
                                                  }
l.191 ...ment(all(v))}, \code{max_element(all(v))}
                                                  . O(N).
I've deleted a group-closing symbol because it seems to be
spurious, as in `$x}$'. But perhaps the } is legitimate and
you forgot something else, as in `\hbox{$x}'. In such cases
the way to recover is to insert both the forgotten and the
deleted material, e.g., by typing `I$}'.

./Apunte.tex:191: Extra }, or forgotten $.
\textdef@ ...h {#1}\let \f@size #2\selectfont #3}}
                                                  
l.191 ...ment(all(v))}, \code{max_element(all(v))}
                                                  . O(N).
I've deleted a group-closing symbol because it seems to be
spurious, as in `$x}$'. But perhaps the } is legitimate and
you forgot something else, as in `\hbox{$x}'. In such cases
the way to recover is to insert both the forgotten and the
deleted material, e.g., by typing `I$}'.

./Apunte.tex:191: Extra }, or forgotten $.
\text@ ...e {\textdef@ \displaystyle \f@size {#1}}
                                                  {\textdef@ \textstyle \f@s...
l.191 ...ment(all(v))}, \code{max_element(all(v))}
                                                  . O(N).
I've deleted a group-closing symbol because it seems to be
spurious, as in `$x}$'. But perhaps the } is legitimate and
you forgot something else, as in `\hbox{$x}'. In such cases
the way to recover is to insert both the forgotten and the
deleted material, e.g., by typing `I$}'.

./Apunte.tex:191: Missing $ inserted.
<inserted text> 
                $
l.191 ...ment(all(v))}, \code{max_element(all(v))}
                                                  . O(N).
I've inserted a begin-math/end-math symbol since I think
you left one out. Proceed, with fingers crossed.

./Apunte.tex:191: Extra }, or forgotten $.
\textdef@ ...th {#1}\let \f@size #2\selectfont #3}
                                                  }
l.191 ...ment(all(v))}, \code{max_element(all(v))}
                                                  . O(N).
I've deleted a group-closing symbol because it seems to be
spurious, as in `$x}$'. But perhaps the } is legitimate and
you forgot something else, as in `\hbox{$x}'. In such cases
the way to recover is to insert both the forgotten and the
deleted material, e.g., by typing `I$}'.

./Apunte.tex:191: Extra }, or forgotten $.
\textdef@ ...h {#1}\let \f@size #2\selectfont #3}}
                                                  
l.191 ...ment(all(v))}, \code{max_element(all(v))}
                                                  . O(N).
I've deleted a group-closing symbol because it seems to be
spurious, as in `$x}$'. But perhaps the } is legitimate and
you forgot something else, as in `\hbox{$x}'. In such cases
the way to recover is to insert both the forgotten and the
deleted material, e.g., by typing `I$}'.

./Apunte.tex:191: Extra }, or forgotten $.
\text@ ...xtstyle \f@size {\firstchoice@false #1}}
                                                  {\textdef@ \textstyle \sf@...
l.191 ...ment(all(v))}, \code{max_element(all(v))}
                                                  . O(N).
I've deleted a group-closing symbol because it seems to be
spurious, as in `$x}$'. But perhaps the } is legitimate and
you forgot something else, as in `\hbox{$x}'. In such cases
the way to recover is to insert both the forgotten and the
deleted material, e.g., by typing `I$}'.

./Apunte.tex:191: Missing $ inserted.
<inserted text> 
                $
l.191 ...ment(all(v))}, \code{max_element(all(v))}
                                                  . O(N).
I've inserted a begin-math/end-math symbol since I think
you left one out. Proceed, with fingers crossed.

./Apunte.tex:191: Extra }, or forgotten $.
\textdef@ ...th {#1}\let \f@size #2\selectfont #3}
                                                  }
l.191 ...ment(all(v))}, \code{max_element(all(v))}
                                                  . O(N).
I've deleted a group-closing symbol because it seems to be
spurious, as in `$x}$'. But perhaps the } is legitimate and
you forgot something else, as in `\hbox{$x}'. In such cases
the way to recover is to insert both the forgotten and the
deleted material, e.g., by typing `I$}'.

./Apunte.tex:191: Extra }, or forgotten $.
\textdef@ ...h {#1}\let \f@size #2\selectfont #3}}
                                                  
l.191 ...ment(all(v))}, \code{max_element(all(v))}
                                                  . O(N).
I've deleted a group-closing symbol because it seems to be
spurious, as in `$x}$'. But perhaps the } is legitimate and
you forgot something else, as in `\hbox{$x}'. In such cases
the way to recover is to insert both the forgotten and the
deleted material, e.g., by typing `I$}'.

./Apunte.tex:191: Extra }, or forgotten $.
\text@ ...tstyle \sf@size {\firstchoice@false #1}}
                                                  {\textdef@ \textstyle \ssf...
l.191 ...ment(all(v))}, \code{max_element(all(v))}
                                                  . O(N).
I've deleted a group-closing symbol because it seems to be
spurious, as in `$x}$'. But perhaps the } is legitimate and
you forgot something else, as in `\hbox{$x}'. In such cases
the way to recover is to insert both the forgotten and the
deleted material, e.g., by typing `I$}'.

./Apunte.tex:191: Missing $ inserted.
<inserted text> 
                $
l.191 ...ment(all(v))}, \code{max_element(all(v))}
                                                  . O(N).
I've inserted a begin-math/end-math symbol since I think
you left one out. Proceed, with fingers crossed.

./Apunte.tex:191: Extra }, or forgotten $.
\textdef@ ...th {#1}\let \f@size #2\selectfont #3}
                                                  }
l.191 ...ment(all(v))}, \code{max_element(all(v))}
                                                  . O(N).
I've deleted a group-closing symbol because it seems to be
spurious, as in `$x}$'. But perhaps the } is legitimate and
you forgot something else, as in `\hbox{$x}'. In such cases
the way to recover is to insert both the forgotten and the
deleted material, e.g., by typing `I$}'.

./Apunte.tex:191: Extra }, or forgotten $.
\textdef@ ...h {#1}\let \f@size #2\selectfont #3}}
                                                  
l.191 ...ment(all(v))}, \code{max_element(all(v))}
                                                  . O(N).
I've deleted a group-closing symbol because it seems to be
spurious, as in `$x}$'. But perhaps the } is legitimate and
you forgot something else, as in `\hbox{$x}'. In such cases
the way to recover is to insert both the forgotten and the
deleted material, e.g., by typing `I$}'.

./Apunte.tex:191: Extra }, or forgotten $.
\text@ ...style \ssf@size {\firstchoice@false #1}}
                                                  \check@mathfonts }
l.191 ...ment(all(v))}, \code{max_element(all(v))}
                                                  . O(N).
I've deleted a group-closing symbol because it seems to be
spurious, as in `$x}$'. But perhaps the } is legitimate and
you forgot something else, as in `\hbox{$x}'. In such cases
the way to recover is to insert both the forgotten and the
deleted material, e.g., by typing `I$}'.

./Apunte.tex:191: Extra }, or forgotten $.
\text@ ...firstchoice@false #1}}\check@mathfonts }
                                                  
l.191 ...ment(all(v))}, \code{max_element(all(v))}
                                                  . O(N).
I've deleted a group-closing symbol because it seems to be
spurious, as in `$x}$'. But perhaps the } is legitimate and
you forgot something else, as in `\hbox{$x}'. In such cases
the way to recover is to insert both the forgotten and the
deleted material, e.g., by typing `I$}'.

./Apunte.tex:192: Missing $ inserted.
<inserted text> 
                $
l.192     \item \code
                     {lower_bound(all(v), val)}: On a \textit{sorted} range....
I've inserted a begin-math/end-math symbol since I think
you left one out. Proceed, with fingers crossed.

./Apunte.tex:192: Missing } inserted.
<inserted text> 
                }
l.192     \item \code
                     {lower_bound(all(v), val)}: On a \textit{sorted} range....
I've inserted something that you may have forgotten.
(See the <inserted text> above.)
With luck, this will get me unwedged. But if you
really didn't forget anything, try typing `2' now; then
my insertion and my current dilemma will both disappear.

./Apunte.tex:192: Missing } inserted.
<inserted text> 
                }
l.192     \item \code
                     {lower_bound(all(v), val)}: On a \textit{sorted} range....
I've inserted something that you may have forgotten.
(See the <inserted text> above.)
With luck, this will get me unwedged. But if you
really didn't forget anything, try typing `2' now; then
my insertion and my current dilemma will both disappear.

./Apunte.tex:192: Missing $ inserted.
<inserted text> 
                $
l.192     \item \code
                     {lower_bound(all(v), val)}: On a \textit{sorted} range....
I've inserted a begin-math/end-math symbol since I think
you left one out. Proceed, with fingers crossed.

./Apunte.tex:192: Missing } inserted.
<inserted text> 
                }
l.192     \item \code
                     {lower_bound(all(v), val)}: On a \textit{sorted} range....
I've inserted something that you may have forgotten.
(See the <inserted text> above.)
With luck, this will get me unwedged. But if you
really didn't forget anything, try typing `2' now; then
my insertion and my current dilemma will both disappear.

./Apunte.tex:192: Missing } inserted.
<inserted text> 
                }
l.192     \item \code
                     {lower_bound(all(v), val)}: On a \textit{sorted} range....
I've inserted something that you may have forgotten.
(See the <inserted text> above.)
With luck, this will get me unwedged. But if you
really didn't forget anything, try typing `2' now; then
my insertion and my current dilemma will both disappear.

./Apunte.tex:192: Missing } inserted.
<inserted text> 
                }
l.192     \item \code
                     {lower_bound(all(v), val)}: On a \textit{sorted} range....
I've inserted something that you may have forgotten.
(See the <inserted text> above.)
With luck, this will get me unwedged. But if you
really didn't forget anything, try typing `2' now; then
my insertion and my current dilemma will both disappear.

./Apunte.tex:192: Missing $ inserted.
<inserted text> 
                $
l.192     \item \code
                     {lower_bound(all(v), val)}: On a \textit{sorted} range....
I've inserted a begin-math/end-math symbol since I think
you left one out. Proceed, with fingers crossed.

./Apunte.tex:192: Missing } inserted.
<inserted text> 
                }
l.192     \item \code
                     {lower_bound(all(v), val)}: On a \textit{sorted} range....
I've inserted something that you may have forgotten.
(See the <inserted text> above.)
With luck, this will get me unwedged. But if you
really didn't forget anything, try typing `2' now; then
my insertion and my current dilemma will both disappear.

./Apunte.tex:192: Missing } inserted.
<inserted text> 
                }
l.192     \item \code
                     {lower_bound(all(v), val)}: On a \textit{sorted} range....
I've inserted something that you may have forgotten.
(See the <inserted text> above.)
With luck, this will get me unwedged. But if you
really didn't forget anything, try typing `2' now; then
my insertion and my current dilemma will both disappear.

./Apunte.tex:192: Missing } inserted.
<inserted text> 
                }
l.192     \item \code
                     {lower_bound(all(v), val)}: On a \textit{sorted} range....
I've inserted something that you may have forgotten.
(See the <inserted text> above.)
With luck, this will get me unwedged. But if you
really didn't forget anything, try typing `2' now; then
my insertion and my current dilemma will both disappear.

./Apunte.tex:192: Missing $ inserted.
<inserted text> 
                $
l.192     \item \code
                     {lower_bound(all(v), val)}: On a \textit{sorted} range....
I've inserted a begin-math/end-math symbol since I think
you left one out. Proceed, with fingers crossed.

./Apunte.tex:192: Missing } inserted.
<inserted text> 
                }
l.192     \item \code
                     {lower_bound(all(v), val)}: On a \textit{sorted} range....
I've inserted something that you may have forgotten.
(See the <inserted text> above.)
With luck, this will get me unwedged. But if you
really didn't forget anything, try typing `2' now; then
my insertion and my current dilemma will both disappear.

./Apunte.tex:192: Missing } inserted.
<inserted text> 
                }
l.192     \item \code
                     {lower_bound(all(v), val)}: On a \textit{sorted} range....
I've inserted something that you may have forgotten.
(See the <inserted text> above.)
With luck, this will get me unwedged. But if you
really didn't forget anything, try typing `2' now; then
my insertion and my current dilemma will both disappear.

./Apunte.tex:192: Missing } inserted.
<inserted text> 
                }
l.192     \item \code
                     {lower_bound(all(v), val)}: On a \textit{sorted} range....
I've inserted something that you may have forgotten.
(See the <inserted text> above.)
With luck, this will get me unwedged. But if you
really didn't forget anything, try typing `2' now; then
my insertion and my current dilemma will both disappear.

./Apunte.tex:192: Missing $ inserted.
<inserted text> 
                $
l.192     \item \code
                     {lower_bound(all(v), val)}: On a \textit{sorted} range....
I've inserted a begin-math/end-math symbol since I think
you left one out. Proceed, with fingers crossed.

./Apunte.tex:192: Missing } inserted.
<inserted text> 
                }
l.192     \item \code
                     {lower_bound(all(v), val)}: On a \textit{sorted} range....
I've inserted something that you may have forgotten.
(See the <inserted text> above.)
With luck, this will get me unwedged. But if you
really didn't forget anything, try typing `2' now; then
my insertion and my current dilemma will both disappear.

./Apunte.tex:192: Missing { inserted.
<to be read again> 
                   $
l.192     \item \code
                     {lower_bound(all(v), val)}: On a \textit{sorted} range....
A left brace was mandatory here, so I've put one in.
You might want to delete and/or insert some corrections
so that I will find a matching right brace soon.
(If you're confused by all this, try typing `I}' now.)

./Apunte.tex:192: Missing } inserted.
<inserted text> 
                }
l.192     \item \code
                     {lower_bound(all(v), val)}: On a \textit{sorted} range....
I've inserted something that you may have forgotten.
(See the <inserted text> above.)
With luck, this will get me unwedged. But if you
really didn't forget anything, try typing `2' now; then
my insertion and my current dilemma will both disappear.

./Apunte.tex:192: Missing { inserted.
<to be read again> 
                   $
l.192     \item \code
                     {lower_bound(all(v), val)}: On a \textit{sorted} range....
A left brace was mandatory here, so I've put one in.
You might want to delete and/or insert some corrections
so that I will find a matching right brace soon.
(If you're confused by all this, try typing `I}' now.)

./Apunte.tex:192: Missing } inserted.
<inserted text> 
                }
l.192     \item \code
                     {lower_bound(all(v), val)}: On a \textit{sorted} range....
I've inserted something that you may have forgotten.
(See the <inserted text> above.)
With luck, this will get me unwedged. But if you
really didn't forget anything, try typing `2' now; then
my insertion and my current dilemma will both disappear.

./Apunte.tex:192: Missing { inserted.
<to be read again> 
                   $
l.192     \item \code
                     {lower_bound(all(v), val)}: On a \textit{sorted} range....
A left brace was mandatory here, so I've put one in.
You might want to delete and/or insert some corrections
so that I will find a matching right brace soon.
(If you're confused by all this, try typing `I}' now.)

./Apunte.tex:192: Missing } inserted.
<inserted text> 
                }
l.192     \item \code
                     {lower_bound(all(v), val)}: On a \textit{sorted} range....
I've inserted something that you may have forgotten.
(See the <inserted text> above.)
With luck, this will get me unwedged. But if you
really didn't forget anything, try typing `2' now; then
my insertion and my current dilemma will both disappear.

./Apunte.tex:192: Missing } inserted.
<inserted text> 
                }
l.192     \item \code
                     {lower_bound(all(v), val)}: On a \textit{sorted} range....
I've inserted something that you may have forgotten.
(See the <inserted text> above.)
With luck, this will get me unwedged. But if you
really didn't forget anything, try typing `2' now; then
my insertion and my current dilemma will both disappear.

./Apunte.tex:192: Missing $ inserted.
<inserted text> 
                $
l.192     \item \code{lower_bound(all(v), val)}
                                               : On a \textit{sorted} range....
I've inserted a begin-math/end-math symbol since I think
you left one out. Proceed, with fingers crossed.

./Apunte.tex:192: Extra }, or forgotten $.
<recently read> \egroup 
                        
l.192     \item \code{lower_bound(all(v), val)}
                                               : On a \textit{sorted} range....
I've deleted a group-closing symbol because it seems to be
spurious, as in `$x}$'. But perhaps the } is legitimate and
you forgot something else, as in `\hbox{$x}'. In such cases
the way to recover is to insert both the forgotten and the
deleted material, e.g., by typing `I$}'.


./Apunte.tex:193: LaTeX Error: Command \item invalid in math mode.

See the LaTeX manual or LaTeX Companion for explanation.
Type  H <return>  for immediate help.
 ...                                              
                                                  
l.193     \item
                \code{next_permutation(all(v))}.
Try typing  <return>  to proceed.
If that doesn't work, type  X <return>  to quit.

./Apunte.tex:193: Missing $ inserted.
<inserted text> 
                $
l.193     \item \code
                     {next_permutation(all(v))}.
I've inserted a begin-math/end-math symbol since I think
you left one out. Proceed, with fingers crossed.


Overfull \hbox (7.04019pt too wide) in paragraph at lines 192--193
[]\OT1/cmtt/m/n/10 lower$[]\OML/cmm/m/it/10 ound\OT1/cmr/m/n/10 (\OML/cmm/m/it/10 all\OT1/cmr/m/n/10 (\OML/cmm/m/it/10 v\OT1/cmr/m/n/10 )\OML/cmm/m/it/10 ; val\OT1/cmr/m/n/10 ) : \OML/cmm/m/it/10 Ona[]range:O\OT1/cmr/m/n/10 (\OML/cmm/m/it/10 logN\OT1/cmr/m/n/10 )\OML/cmm/m/it/10 :
 []


Underfull \hbox (badness 10000) in paragraph at lines 192--193

 []

./Apunte.tex:193: Missing $ inserted.
<inserted text> 
                $
l.193     \item \code{next_permutation(all(v))}
                                               .
I've inserted a begin-math/end-math symbol since I think
you left one out. Proceed, with fingers crossed.

./Apunte.tex:193: Extra }, or forgotten $.
<recently read> \egroup 
                        
l.193     \item \code{next_permutation(all(v))}
                                               .
I've deleted a group-closing symbol because it seems to be
spurious, as in `$x}$'. But perhaps the } is legitimate and
you forgot something else, as in `\hbox{$x}'. In such cases
the way to recover is to insert both the forgotten and the
deleted material, e.g., by typing `I$}'.


./Apunte.tex:194: LaTeX Error: Command \end{itemize} invalid in math mode.

See the LaTeX manual or LaTeX Companion for explanation.
Type  H <return>  for immediate help.
 ...                                              
                                                  
l.194 \end{itemize}
                   
Try typing  <return>  to proceed.
If that doesn't work, type  X <return>  to quit.

./Apunte.tex:194: Missing $ inserted.
<inserted text> 
                $
l.194 \end{itemize}
                   
I've inserted a begin-math/end-math symbol since I think
you left one out. Proceed, with fingers crossed.

./Apunte.tex:194: Missing } inserted.
<inserted text> 
                }
l.194 \end{itemize}
                   
I've inserted something that you may have forgotten.
(See the <inserted text> above.)
With luck, this will get me unwedged. But if you
really didn't forget anything, try typing `2' now; then
my insertion and my current dilemma will both disappear.

./Apunte.tex:194: Missing } inserted.
<inserted text> 
                }
l.194 \end{itemize}
                   
I've inserted something that you may have forgotten.
(See the <inserted text> above.)
With luck, this will get me unwedged. But if you
really didn't forget anything, try typing `2' now; then
my insertion and my current dilemma will both disappear.

./Apunte.tex:194: Missing } inserted.
<inserted text> 
                }
l.194 \end{itemize}
                   
I've inserted something that you may have forgotten.
(See the <inserted text> above.)
With luck, this will get me unwedged. But if you
really didn't forget anything, try typing `2' now; then
my insertion and my current dilemma will both disappear.

[2{/usr/share/texmf-dist/fonts/enc/dvips/cm-super/cm-super-ts1.enc}]
LaTeX Font Info:    Font shape `OT1/cmtt/bx/n' in size <12> not available
(Font)              Font shape `OT1/cmtt/m/n' tried instead on input line 199.

Underfull \hbox (badness 10000) in paragraph at lines 201--202
\OT1/cmtt/m/n/10 Big O describes how an algorithm's runtime
 []


Underfull \hbox (badness 10000) in paragraph at lines 201--202
\OT1/cmtt/m/n/10 or space usage scales with the input size,
 []


Underfull \hbox (badness 10000) in paragraph at lines 201--202
\OT1/cmtt/m/n/10 N. It focuses on the worst-case scenario and
 []

LaTeX Font Info:    Font shape `OT1/cmtt/bx/it' in size <10> not available
(Font)              Font shape `OT1/cmtt/m/it' tried instead on input line 203.

Underfull \hbox (badness 10000) in paragraph at lines 203--203
|[]\OT1/cmtt/m/it/10 Common Complexities (Fastest to
 []


Package hyperref Warning: Difference (2) between bookmark levels is greater 
(hyperref)                than one, level fixed on input line 203.


Underfull \hbox (badness 10000) in paragraph at lines 205--206
[]\OT1/cmtt/m/n/10 O(1): Constant. The operation takes
 []


Underfull \hbox (badness 10000) in paragraph at lines 205--206
\OT1/cmtt/m/n/10 the same amount of time regardless of
 []


Underfull \hbox (badness 10000) in paragraph at lines 205--206
\OT1/cmtt/m/n/10 the input size. Ex: Accessing an array
 []


Underfull \hbox (badness 10000) in paragraph at lines 206--207
[]\OT1/cmtt/m/n/10 O(log N): Logarithmic. Runtime grows
 []


Underfull \hbox (badness 10000) in paragraph at lines 206--207
\OT1/cmtt/m/n/10 logarithmically. Very fast. Ex: Binary
 []


Underfull \hbox (badness 10000) in paragraph at lines 207--208
[]\OT1/cmtt/m/n/10 O(N): Linear. Runtime grows linearly with
 []


Underfull \hbox (badness 10000) in paragraph at lines 208--209
[]\OT1/cmtt/m/n/10 O(N log N): Log-linear. The standard
 []


Underfull \hbox (badness 10000) in paragraph at lines 208--209
\OT1/cmtt/m/n/10 for efficient sorting algorithms. Ex:
 []

./Apunte.tex:209: Missing $ inserted.
<inserted text> 
                $
l.209     \item \code{O(N^2)}
                             : \textbf{Quadratic}. Common for algorithms wit...
I've inserted a begin-math/end-math symbol since I think
you left one out. Proceed, with fingers crossed.

./Apunte.tex:209: Extra }, or forgotten $.
<recently read> \egroup 
                        
l.209     \item \code{O(N^2)}
                             : \textbf{Quadratic}. Common for algorithms wit...
I've deleted a group-closing symbol because it seems to be
spurious, as in `$x}$'. But perhaps the } is legitimate and
you forgot something else, as in `\hbox{$x}'. In such cases
the way to recover is to insert both the forgotten and the
deleted material, e.g., by typing `I$}'.


./Apunte.tex:210: LaTeX Error: Command \item invalid in math mode.

See the LaTeX manual or LaTeX Companion for explanation.
Type  H <return>  for immediate help.
 ...                                              
                                                  
l.210     \item
                \code{O(2^N)}: \textbf{Exponential}. Grows very quickly. Oft...
Try typing  <return>  to proceed.
If that doesn't work, type  X <return>  to quit.

./Apunte.tex:210: Missing $ inserted.
<inserted text> 
                $
l.210     \item \code
                     {O(2^N)}: \textbf{Exponential}. Grows very quickly. Oft...
I've inserted a begin-math/end-math symbol since I think
you left one out. Proceed, with fingers crossed.


Overfull \hbox (134.78134pt too wide) in paragraph at lines 209--210
[]\OT1/cmtt/m/n/10 O(N$[]\OT1/cmr/m/n/10 ) : []\OML/cmm/m/it/10 :Commonforalgorithmswithnestedloopsoverthesamedata:Ex \OT1/cmr/m/n/10 :
 []


Overfull \hbox (0.35776pt too wide) in paragraph at lines 209--210
\OML/cmm/m/it/10 Naivebubblesort; iteratingthroughpairsinanarray:
 []


Underfull \hbox (badness 10000) in paragraph at lines 209--210

 []

./Apunte.tex:210: Missing $ inserted.
<inserted text> 
                $
l.210     \item \code{O(2^N)}
                             : \textbf{Exponential}. Grows very quickly. Oft...
I've inserted a begin-math/end-math symbol since I think
you left one out. Proceed, with fingers crossed.

./Apunte.tex:210: Extra }, or forgotten $.
<recently read> \egroup 
                        
l.210     \item \code{O(2^N)}
                             : \textbf{Exponential}. Grows very quickly. Oft...
I've deleted a group-closing symbol because it seems to be
spurious, as in `$x}$'. But perhaps the } is legitimate and
you forgot something else, as in `\hbox{$x}'. In such cases
the way to recover is to insert both the forgotten and the
deleted material, e.g., by typing `I$}'.


./Apunte.tex:211: LaTeX Error: Command \item invalid in math mode.

See the LaTeX manual or LaTeX Companion for explanation.
Type  H <return>  for immediate help.
 ...                                              
                                                  
l.211     \item
                \code{O(N!)}: \textbf{Factorial}. Extremely slow. Ex: Brute-...
Try typing  <return>  to proceed.
If that doesn't work, type  X <return>  to quit.

./Apunte.tex:211: Missing $ inserted.
<inserted text> 
                $
l.211     \item \code
                     {O(N!)}: \textbf{Factorial}. Extremely slow. Ex: Brute-...
I've inserted a begin-math/end-math symbol since I think
you left one out. Proceed, with fingers crossed.


Overfull \hbox (230.40457pt too wide) in paragraph at lines 210--211
[]\OT1/cmtt/m/n/10 O(2$[]\OT1/cmr/m/n/10 ) : []\OML/cmm/m/it/10 :Growsveryquickly:Oftenseeninrecursivesolutionsthattryallpossiblesubsets:Ex \OT1/cmr/m/n/10 :
 []


Underfull \hbox (badness 10000) in paragraph at lines 211--212
[]\OT1/cmtt/m/n/10 O(N!): Factorial. Extremely slow. Ex:
 []


Underfull \hbox (badness 10000) in paragraph at lines 211--212
\OT1/cmtt/m/n/10 Brute-force traveling salesman problem,
 []

./Apunte.tex:212: Missing } inserted.
<inserted text> 
                }
l.212 \end{itemize}
                   
I've inserted something that you may have forgotten.
(See the <inserted text> above.)
With luck, this will get me unwedged. But if you
really didn't forget anything, try typing `2' now; then
my insertion and my current dilemma will both disappear.

./Apunte.tex:212: Missing } inserted.
<inserted text> 
                }
l.212 \end{itemize}
                   
I've inserted something that you may have forgotten.
(See the <inserted text> above.)
With luck, this will get me unwedged. But if you
really didn't forget anything, try typing `2' now; then
my insertion and my current dilemma will both disappear.


Underfull \hbox (badness 10000) in paragraph at lines 215--216
\OT1/cmtt/m/n/10 Most competitive programming servers can run
 []


Underfull \hbox (badness 10000) in paragraph at lines 215--216
\OT1/cmtt/m/n/10 about 10$[]$ operations per second. Use this
 []

LaTeX Font Info:    Font shape `OT1/cmtt/bx/n' in size <9> not available
(Font)              Font shape `OT1/cmtt/m/n' tried instead on input line 220.
./Apunte.tex:223: Missing $ inserted.
<inserted text> 
                $
l.223 \code{N <= 22} & \code{O(2^N)}
                                     \\
I've inserted a begin-math/end-math symbol since I think
you left one out. Proceed, with fingers crossed.

./Apunte.tex:223: Extra }, or forgotten $.
<recently read> \egroup 
                        
l.223 \code{N <= 22} & \code{O(2^N)}
                                     \\
I've deleted a group-closing symbol because it seems to be
spurious, as in `$x}$'. But perhaps the } is legitimate and
you forgot something else, as in `\hbox{$x}'. In such cases
the way to recover is to insert both the forgotten and the
deleted material, e.g., by typing `I$}'.

./Apunte.tex:224: Missing } inserted.
<inserted text> 
                }
l.224 \code
           {N <= 100} & \code{O(N^4)} or \code{O(N^3)} \\
I've put in what seems to be necessary to fix
the current column of the current alignment.
Try to go on, since this might almost work.

./Apunte.tex:224: Extra }, or forgotten $.
<inserted text> }
                 
l.224 \code
           {N <= 100} & \code{O(N^4)} or \code{O(N^3)} \\
I've deleted a group-closing symbol because it seems to be
spurious, as in `$x}$'. But perhaps the } is legitimate and
you forgot something else, as in `\hbox{$x}'. In such cases
the way to recover is to insert both the forgotten and the
deleted material, e.g., by typing `I$}'.

./Apunte.tex:224: Missing } inserted.
<inserted text> 
                }
l.224 \code
           {N <= 100} & \code{O(N^4)} or \code{O(N^3)} \\
I've put in what seems to be necessary to fix
the current column of the current alignment.
Try to go on, since this might almost work.

./Apunte.tex:224: Extra }, or forgotten $.
<inserted text> }
                 
l.224 \code
           {N <= 100} & \code{O(N^4)} or \code{O(N^3)} \\
I've deleted a group-closing symbol because it seems to be
spurious, as in `$x}$'. But perhaps the } is legitimate and
you forgot something else, as in `\hbox{$x}'. In such cases
the way to recover is to insert both the forgotten and the
deleted material, e.g., by typing `I$}'.

./Apunte.tex:224: Missing } inserted.
<inserted text> 
                }
l.224 \code
           {N <= 100} & \code{O(N^4)} or \code{O(N^3)} \\
I've put in what seems to be necessary to fix
the current column of the current alignment.
Try to go on, since this might almost work.

./Apunte.tex:224: Extra }, or forgotten $.
<inserted text> }
                 
l.224 \code
           {N <= 100} & \code{O(N^4)} or \code{O(N^3)} \\
I've deleted a group-closing symbol because it seems to be
spurious, as in `$x}$'. But perhaps the } is legitimate and
you forgot something else, as in `\hbox{$x}'. In such cases
the way to recover is to insert both the forgotten and the
deleted material, e.g., by typing `I$}'.

./Apunte.tex:224: Missing } inserted.
<inserted text> 
                }
l.224 \code
           {N <= 100} & \code{O(N^4)} or \code{O(N^3)} \\
I've put in what seems to be necessary to fix
the current column of the current alignment.
Try to go on, since this might almost work.

./Apunte.tex:224: Extra }, or forgotten $.
<inserted text> }
                 
l.224 \code
           {N <= 100} & \code{O(N^4)} or \code{O(N^3)} \\
I've deleted a group-closing symbol because it seems to be
spurious, as in `$x}$'. But perhaps the } is legitimate and
you forgot something else, as in `\hbox{$x}'. In such cases
the way to recover is to insert both the forgotten and the
deleted material, e.g., by typing `I$}'.

./Apunte.tex:224: Missing } inserted.
<inserted text> 
                }
l.224 \code
           {N <= 100} & \code{O(N^4)} or \code{O(N^3)} \\
I've put in what seems to be necessary to fix
the current column of the current alignment.
Try to go on, since this might almost work.

./Apunte.tex:224: Extra }, or forgotten $.
<inserted text> }
                 
l.224 \code
           {N <= 100} & \code{O(N^4)} or \code{O(N^3)} \\
I've deleted a group-closing symbol because it seems to be
spurious, as in `$x}$'. But perhaps the } is legitimate and
you forgot something else, as in `\hbox{$x}'. In such cases
the way to recover is to insert both the forgotten and the
deleted material, e.g., by typing `I$}'.

./Apunte.tex:224: Missing } inserted.
<inserted text> 
                }
l.224 \code
           {N <= 100} & \code{O(N^4)} or \code{O(N^3)} \\
I've put in what seems to be necessary to fix
the current column of the current alignment.
Try to go on, since this might almost work.

./Apunte.tex:224: Extra }, or forgotten $.
<inserted text> }
                 
l.224 \code
           {N <= 100} & \code{O(N^4)} or \code{O(N^3)} \\
I've deleted a group-closing symbol because it seems to be
spurious, as in `$x}$'. But perhaps the } is legitimate and
you forgot something else, as in `\hbox{$x}'. In such cases
the way to recover is to insert both the forgotten and the
deleted material, e.g., by typing `I$}'.

./Apunte.tex:224: Missing } inserted.
<inserted text> 
                }
l.224 \code
           {N <= 100} & \code{O(N^4)} or \code{O(N^3)} \\
I've put in what seems to be necessary to fix
the current column of the current alignment.
Try to go on, since this might almost work.

./Apunte.tex:224: Extra }, or forgotten $.
<inserted text> }
                 
l.224 \code
           {N <= 100} & \code{O(N^4)} or \code{O(N^3)} \\
I've deleted a group-closing symbol because it seems to be
spurious, as in `$x}$'. But perhaps the } is legitimate and
you forgot something else, as in `\hbox{$x}'. In such cases
the way to recover is to insert both the forgotten and the
deleted material, e.g., by typing `I$}'.

./Apunte.tex:224: Missing } inserted.
<inserted text> 
                }
l.224 \code
           {N <= 100} & \code{O(N^4)} or \code{O(N^3)} \\
I've put in what seems to be necessary to fix
the current column of the current alignment.
Try to go on, since this might almost work.

./Apunte.tex:224: Extra }, or forgotten $.
<inserted text> }
                 
l.224 \code
           {N <= 100} & \code{O(N^4)} or \code{O(N^3)} \\
I've deleted a group-closing symbol because it seems to be
spurious, as in `$x}$'. But perhaps the } is legitimate and
you forgot something else, as in `\hbox{$x}'. In such cases
the way to recover is to insert both the forgotten and the
deleted material, e.g., by typing `I$}'.

./Apunte.tex:224: Missing } inserted.
<inserted text> 
                }
l.224 \code
           {N <= 100} & \code{O(N^4)} or \code{O(N^3)} \\
I've put in what seems to be necessary to fix
the current column of the current alignment.
Try to go on, since this might almost work.

./Apunte.tex:224: Extra }, or forgotten $.
<inserted text> }
                 
l.224 \code
           {N <= 100} & \code{O(N^4)} or \code{O(N^3)} \\
I've deleted a group-closing symbol because it seems to be
spurious, as in `$x}$'. But perhaps the } is legitimate and
you forgot something else, as in `\hbox{$x}'. In such cases
the way to recover is to insert both the forgotten and the
deleted material, e.g., by typing `I$}'.

./Apunte.tex:224: Missing } inserted.
<inserted text> 
                }
l.224 \code
           {N <= 100} & \code{O(N^4)} or \code{O(N^3)} \\
I've put in what seems to be necessary to fix
the current column of the current alignment.
Try to go on, since this might almost work.

./Apunte.tex:224: Extra }, or forgotten $.
<inserted text> }
                 
l.224 \code
           {N <= 100} & \code{O(N^4)} or \code{O(N^3)} \\
I've deleted a group-closing symbol because it seems to be
spurious, as in `$x}$'. But perhaps the } is legitimate and
you forgot something else, as in `\hbox{$x}'. In such cases
the way to recover is to insert both the forgotten and the
deleted material, e.g., by typing `I$}'.

./Apunte.tex:224: Missing } inserted.
<inserted text> 
                }
l.224 \code
           {N <= 100} & \code{O(N^4)} or \code{O(N^3)} \\
I've put in what seems to be necessary to fix
the current column of the current alignment.
Try to go on, since this might almost work.

./Apunte.tex:224: Extra }, or forgotten $.
<inserted text> }
                 
l.224 \code
           {N <= 100} & \code{O(N^4)} or \code{O(N^3)} \\
I've deleted a group-closing symbol because it seems to be
spurious, as in `$x}$'. But perhaps the } is legitimate and
you forgot something else, as in `\hbox{$x}'. In such cases
the way to recover is to insert both the forgotten and the
deleted material, e.g., by typing `I$}'.

./Apunte.tex:224: Missing } inserted.
<inserted text> 
                }
l.224 \code
           {N <= 100} & \code{O(N^4)} or \code{O(N^3)} \\
I've put in what seems to be necessary to fix
the current column of the current alignment.
Try to go on, since this might almost work.

./Apunte.tex:224: Extra }, or forgotten $.
<inserted text> }
                 
l.224 \code
           {N <= 100} & \code{O(N^4)} or \code{O(N^3)} \\
I've deleted a group-closing symbol because it seems to be
spurious, as in `$x}$'. But perhaps the } is legitimate and
you forgot something else, as in `\hbox{$x}'. In such cases
the way to recover is to insert both the forgotten and the
deleted material, e.g., by typing `I$}'.

./Apunte.tex:224: Missing } inserted.
<inserted text> 
                }
l.224 \code
           {N <= 100} & \code{O(N^4)} or \code{O(N^3)} \\
I've put in what seems to be necessary to fix
the current column of the current alignment.
Try to go on, since this might almost work.

./Apunte.tex:224: Extra }, or forgotten $.
<inserted text> }
                 
l.224 \code
           {N <= 100} & \code{O(N^4)} or \code{O(N^3)} \\
I've deleted a group-closing symbol because it seems to be
spurious, as in `$x}$'. But perhaps the } is legitimate and
you forgot something else, as in `\hbox{$x}'. In such cases
the way to recover is to insert both the forgotten and the
deleted material, e.g., by typing `I$}'.

./Apunte.tex:224: Missing } inserted.
<inserted text> 
                }
l.224 \code
           {N <= 100} & \code{O(N^4)} or \code{O(N^3)} \\
I've put in what seems to be necessary to fix
the current column of the current alignment.
Try to go on, since this might almost work.

./Apunte.tex:224: Extra }, or forgotten $.
<inserted text> }
                 
l.224 \code
           {N <= 100} & \code{O(N^4)} or \code{O(N^3)} \\
I've deleted a group-closing symbol because it seems to be
spurious, as in `$x}$'. But perhaps the } is legitimate and
you forgot something else, as in `\hbox{$x}'. In such cases
the way to recover is to insert both the forgotten and the
deleted material, e.g., by typing `I$}'.

./Apunte.tex:224: Missing } inserted.
<inserted text> 
                }
l.224 \code
           {N <= 100} & \code{O(N^4)} or \code{O(N^3)} \\
I've put in what seems to be necessary to fix
the current column of the current alignment.
Try to go on, since this might almost work.

./Apunte.tex:224: Extra }, or forgotten $.
<inserted text> }
                 
l.224 \code
           {N <= 100} & \code{O(N^4)} or \code{O(N^3)} \\
I've deleted a group-closing symbol because it seems to be
spurious, as in `$x}$'. But perhaps the } is legitimate and
you forgot something else, as in `\hbox{$x}'. In such cases
the way to recover is to insert both the forgotten and the
deleted material, e.g., by typing `I$}'.

./Apunte.tex:224: Missing } inserted.
<inserted text> 
                }
l.224 \code
           {N <= 100} & \code{O(N^4)} or \code{O(N^3)} \\
I've put in what seems to be necessary to fix
the current column of the current alignment.
Try to go on, since this might almost work.

./Apunte.tex:224: Extra }, or forgotten $.
<inserted text> }
                 
l.224 \code
           {N <= 100} & \code{O(N^4)} or \code{O(N^3)} \\
I've deleted a group-closing symbol because it seems to be
spurious, as in `$x}$'. But perhaps the } is legitimate and
you forgot something else, as in `\hbox{$x}'. In such cases
the way to recover is to insert both the forgotten and the
deleted material, e.g., by typing `I$}'.

./Apunte.tex:224: Missing } inserted.
<inserted text> 
                }
l.224 \code
           {N <= 100} & \code{O(N^4)} or \code{O(N^3)} \\
I've put in what seems to be necessary to fix
the current column of the current alignment.
Try to go on, since this might almost work.

./Apunte.tex:224: Extra }, or forgotten $.
<inserted text> }
                 
l.224 \code
           {N <= 100} & \code{O(N^4)} or \code{O(N^3)} \\
I've deleted a group-closing symbol because it seems to be
spurious, as in `$x}$'. But perhaps the } is legitimate and
you forgot something else, as in `\hbox{$x}'. In such cases
the way to recover is to insert both the forgotten and the
deleted material, e.g., by typing `I$}'.

./Apunte.tex:224: Missing } inserted.
<inserted text> 
                }
l.224 \code
           {N <= 100} & \code{O(N^4)} or \code{O(N^3)} \\
I've put in what seems to be necessary to fix
the current column of the current alignment.
Try to go on, since this might almost work.

./Apunte.tex:224: Extra }, or forgotten $.
<inserted text> }
                 
l.224 \code
           {N <= 100} & \code{O(N^4)} or \code{O(N^3)} \\
I've deleted a group-closing symbol because it seems to be
spurious, as in `$x}$'. But perhaps the } is legitimate and
you forgot something else, as in `\hbox{$x}'. In such cases
the way to recover is to insert both the forgotten and the
deleted material, e.g., by typing `I$}'.

./Apunte.tex:224: Missing } inserted.
<inserted text> 
                }
l.224 \code
           {N <= 100} & \code{O(N^4)} or \code{O(N^3)} \\
I've put in what seems to be necessary to fix
the current column of the current alignment.
Try to go on, since this might almost work.

./Apunte.tex:224: Extra }, or forgotten $.
<inserted text> }
                 
l.224 \code
           {N <= 100} & \code{O(N^4)} or \code{O(N^3)} \\
I've deleted a group-closing symbol because it seems to be
spurious, as in `$x}$'. But perhaps the } is legitimate and
you forgot something else, as in `\hbox{$x}'. In such cases
the way to recover is to insert both the forgotten and the
deleted material, e.g., by typing `I$}'.

./Apunte.tex:224: Missing } inserted.
<inserted text> 
                }
l.224 \code
           {N <= 100} & \code{O(N^4)} or \code{O(N^3)} \\
I've put in what seems to be necessary to fix
the current column of the current alignment.
Try to go on, since this might almost work.

./Apunte.tex:224: Extra }, or forgotten $.
<inserted text> }
                 
l.224 \code
           {N <= 100} & \code{O(N^4)} or \code{O(N^3)} \\
I've deleted a group-closing symbol because it seems to be
spurious, as in `$x}$'. But perhaps the } is legitimate and
you forgot something else, as in `\hbox{$x}'. In such cases
the way to recover is to insert both the forgotten and the
deleted material, e.g., by typing `I$}'.

./Apunte.tex:224: Missing } inserted.
<inserted text> 
                }
l.224 \code
           {N <= 100} & \code{O(N^4)} or \code{O(N^3)} \\
I've put in what seems to be necessary to fix
the current column of the current alignment.
Try to go on, since this might almost work.

./Apunte.tex:224: Extra }, or forgotten $.
<inserted text> }
                 
l.224 \code
           {N <= 100} & \code{O(N^4)} or \code{O(N^3)} \\
I've deleted a group-closing symbol because it seems to be
spurious, as in `$x}$'. But perhaps the } is legitimate and
you forgot something else, as in `\hbox{$x}'. In such cases
the way to recover is to insert both the forgotten and the
deleted material, e.g., by typing `I$}'.

./Apunte.tex:224: Missing } inserted.
<inserted text> 
                }
l.224 \code
           {N <= 100} & \code{O(N^4)} or \code{O(N^3)} \\
I've put in what seems to be necessary to fix
the current column of the current alignment.
Try to go on, since this might almost work.

./Apunte.tex:224: Extra }, or forgotten $.
<inserted text> }
                 
l.224 \code
           {N <= 100} & \code{O(N^4)} or \code{O(N^3)} \\
I've deleted a group-closing symbol because it seems to be
spurious, as in `$x}$'. But perhaps the } is legitimate and
you forgot something else, as in `\hbox{$x}'. In such cases
the way to recover is to insert both the forgotten and the
deleted material, e.g., by typing `I$}'.

./Apunte.tex:224: Missing } inserted.
<inserted text> 
                }
l.224 \code
           {N <= 100} & \code{O(N^4)} or \code{O(N^3)} \\
I've put in what seems to be necessary to fix
the current column of the current alignment.
Try to go on, since this might almost work.

./Apunte.tex:224: Extra }, or forgotten $.
<inserted text> }
                 
l.224 \code
           {N <= 100} & \code{O(N^4)} or \code{O(N^3)} \\
I've deleted a group-closing symbol because it seems to be
spurious, as in `$x}$'. But perhaps the } is legitimate and
you forgot something else, as in `\hbox{$x}'. In such cases
the way to recover is to insert both the forgotten and the
deleted material, e.g., by typing `I$}'.

./Apunte.tex:224: Missing } inserted.
<inserted text> 
                }
l.224 \code
           {N <= 100} & \code{O(N^4)} or \code{O(N^3)} \\
I've put in what seems to be necessary to fix
the current column of the current alignment.
Try to go on, since this might almost work.

./Apunte.tex:224: Extra }, or forgotten $.
<inserted text> }
                 
l.224 \code
           {N <= 100} & \code{O(N^4)} or \code{O(N^3)} \\
I've deleted a group-closing symbol because it seems to be
spurious, as in `$x}$'. But perhaps the } is legitimate and
you forgot something else, as in `\hbox{$x}'. In such cases
the way to recover is to insert both the forgotten and the
deleted material, e.g., by typing `I$}'.

./Apunte.tex:224: Missing } inserted.
<inserted text> 
                }
l.224 \code
           {N <= 100} & \code{O(N^4)} or \code{O(N^3)} \\
I've put in what seems to be necessary to fix
the current column of the current alignment.
Try to go on, since this might almost work.

./Apunte.tex:224: Extra }, or forgotten $.
<inserted text> }
                 
l.224 \code
           {N <= 100} & \code{O(N^4)} or \code{O(N^3)} \\
I've deleted a group-closing symbol because it seems to be
spurious, as in `$x}$'. But perhaps the } is legitimate and
you forgot something else, as in `\hbox{$x}'. In such cases
the way to recover is to insert both the forgotten and the
deleted material, e.g., by typing `I$}'.

./Apunte.tex:224: Missing } inserted.
<inserted text> 
                }
l.224 \code
           {N <= 100} & \code{O(N^4)} or \code{O(N^3)} \\
I've put in what seems to be necessary to fix
the current column of the current alignment.
Try to go on, since this might almost work.

./Apunte.tex:224: Extra }, or forgotten $.
<inserted text> }
                 
l.224 \code
           {N <= 100} & \code{O(N^4)} or \code{O(N^3)} \\
I've deleted a group-closing symbol because it seems to be
spurious, as in `$x}$'. But perhaps the } is legitimate and
you forgot something else, as in `\hbox{$x}'. In such cases
the way to recover is to insert both the forgotten and the
deleted material, e.g., by typing `I$}'.

./Apunte.tex:224: Missing } inserted.
<inserted text> 
                }
l.224 \code
           {N <= 100} & \code{O(N^4)} or \code{O(N^3)} \\
I've put in what seems to be necessary to fix
the current column of the current alignment.
Try to go on, since this might almost work.

./Apunte.tex:224: Extra }, or forgotten $.
<inserted text> }
                 
l.224 \code
           {N <= 100} & \code{O(N^4)} or \code{O(N^3)} \\
I've deleted a group-closing symbol because it seems to be
spurious, as in `$x}$'. But perhaps the } is legitimate and
you forgot something else, as in `\hbox{$x}'. In such cases
the way to recover is to insert both the forgotten and the
deleted material, e.g., by typing `I$}'.

./Apunte.tex:224: Missing } inserted.
<inserted text> 
                }
l.224 \code
           {N <= 100} & \code{O(N^4)} or \code{O(N^3)} \\
I've put in what seems to be necessary to fix
the current column of the current alignment.
Try to go on, since this might almost work.

./Apunte.tex:224: Extra }, or forgotten $.
<inserted text> }
                 
l.224 \code
           {N <= 100} & \code{O(N^4)} or \code{O(N^3)} \\
I've deleted a group-closing symbol because it seems to be
spurious, as in `$x}$'. But perhaps the } is legitimate and
you forgot something else, as in `\hbox{$x}'. In such cases
the way to recover is to insert both the forgotten and the
deleted material, e.g., by typing `I$}'.

./Apunte.tex:224: Missing } inserted.
<inserted text> 
                }
l.224 \code
           {N <= 100} & \code{O(N^4)} or \code{O(N^3)} \\
I've put in what seems to be necessary to fix
the current column of the current alignment.
Try to go on, since this might almost work.

./Apunte.tex:224: Extra }, or forgotten $.
<inserted text> }
                 
l.224 \code
           {N <= 100} & \code{O(N^4)} or \code{O(N^3)} \\
I've deleted a group-closing symbol because it seems to be
spurious, as in `$x}$'. But perhaps the } is legitimate and
you forgot something else, as in `\hbox{$x}'. In such cases
the way to recover is to insert both the forgotten and the
deleted material, e.g., by typing `I$}'.

./Apunte.tex:224: Missing } inserted.
<inserted text> 
                }
l.224 \code
           {N <= 100} & \code{O(N^4)} or \code{O(N^3)} \\
I've put in what seems to be necessary to fix
the current column of the current alignment.
Try to go on, since this might almost work.

./Apunte.tex:224: Extra }, or forgotten $.
<inserted text> }
                 
l.224 \code
           {N <= 100} & \code{O(N^4)} or \code{O(N^3)} \\
I've deleted a group-closing symbol because it seems to be
spurious, as in `$x}$'. But perhaps the } is legitimate and
you forgot something else, as in `\hbox{$x}'. In such cases
the way to recover is to insert both the forgotten and the
deleted material, e.g., by typing `I$}'.

./Apunte.tex:224: Missing } inserted.
<inserted text> 
                }
l.224 \code
           {N <= 100} & \code{O(N^4)} or \code{O(N^3)} \\
I've put in what seems to be necessary to fix
the current column of the current alignment.
Try to go on, since this might almost work.

./Apunte.tex:224: Extra }, or forgotten $.
<inserted text> }
                 
l.224 \code
           {N <= 100} & \code{O(N^4)} or \code{O(N^3)} \\
I've deleted a group-closing symbol because it seems to be
spurious, as in `$x}$'. But perhaps the } is legitimate and
you forgot something else, as in `\hbox{$x}'. In such cases
the way to recover is to insert both the forgotten and the
deleted material, e.g., by typing `I$}'.

./Apunte.tex:224: Missing } inserted.
<inserted text> 
                }
l.224 \code
           {N <= 100} & \code{O(N^4)} or \code{O(N^3)} \\
I've put in what seems to be necessary to fix
the current column of the current alignment.
Try to go on, since this might almost work.

./Apunte.tex:224: Extra }, or forgotten $.
<inserted text> }
                 
l.224 \code
           {N <= 100} & \code{O(N^4)} or \code{O(N^3)} \\
I've deleted a group-closing symbol because it seems to be
spurious, as in `$x}$'. But perhaps the } is legitimate and
you forgot something else, as in `\hbox{$x}'. In such cases
the way to recover is to insert both the forgotten and the
deleted material, e.g., by typing `I$}'.

./Apunte.tex:224: Missing } inserted.
<inserted text> 
                }
l.224 \code
           {N <= 100} & \code{O(N^4)} or \code{O(N^3)} \\
I've put in what seems to be necessary to fix
the current column of the current alignment.
Try to go on, since this might almost work.

./Apunte.tex:224: Extra }, or forgotten $.
<inserted text> }
                 
l.224 \code
           {N <= 100} & \code{O(N^4)} or \code{O(N^3)} \\
I've deleted a group-closing symbol because it seems to be
spurious, as in `$x}$'. But perhaps the } is legitimate and
you forgot something else, as in `\hbox{$x}'. In such cases
the way to recover is to insert both the forgotten and the
deleted material, e.g., by typing `I$}'.

./Apunte.tex:224: Missing } inserted.
<inserted text> 
                }
l.224 \code
           {N <= 100} & \code{O(N^4)} or \code{O(N^3)} \\
I've put in what seems to be necessary to fix
the current column of the current alignment.
Try to go on, since this might almost work.

./Apunte.tex:224: Extra }, or forgotten $.
<inserted text> }
                 
l.224 \code
           {N <= 100} & \code{O(N^4)} or \code{O(N^3)} \\
I've deleted a group-closing symbol because it seems to be
spurious, as in `$x}$'. But perhaps the } is legitimate and
you forgot something else, as in `\hbox{$x}'. In such cases
the way to recover is to insert both the forgotten and the
deleted material, e.g., by typing `I$}'.

./Apunte.tex:224: Missing } inserted.
<inserted text> 
                }
l.224 \code
           {N <= 100} & \code{O(N^4)} or \code{O(N^3)} \\
I've put in what seems to be necessary to fix
the current column of the current alignment.
Try to go on, since this might almost work.

./Apunte.tex:224: Extra }, or forgotten $.
<inserted text> }
                 
l.224 \code
           {N <= 100} & \code{O(N^4)} or \code{O(N^3)} \\
I've deleted a group-closing symbol because it seems to be
spurious, as in `$x}$'. But perhaps the } is legitimate and
you forgot something else, as in `\hbox{$x}'. In such cases
the way to recover is to insert both the forgotten and the
deleted material, e.g., by typing `I$}'.

./Apunte.tex:224: Missing } inserted.
<inserted text> 
                }
l.224 \code
           {N <= 100} & \code{O(N^4)} or \code{O(N^3)} \\
I've put in what seems to be necessary to fix
the current column of the current alignment.
Try to go on, since this might almost work.

./Apunte.tex:224: Extra }, or forgotten $.
<inserted text> }
                 
l.224 \code
           {N <= 100} & \code{O(N^4)} or \code{O(N^3)} \\
I've deleted a group-closing symbol because it seems to be
spurious, as in `$x}$'. But perhaps the } is legitimate and
you forgot something else, as in `\hbox{$x}'. In such cases
the way to recover is to insert both the forgotten and the
deleted material, e.g., by typing `I$}'.

./Apunte.tex:224: Missing } inserted.
<inserted text> 
                }
l.224 \code
           {N <= 100} & \code{O(N^4)} or \code{O(N^3)} \\
I've put in what seems to be necessary to fix
the current column of the current alignment.
Try to go on, since this might almost work.

./Apunte.tex:224: Extra }, or forgotten $.
<inserted text> }
                 
l.224 \code
           {N <= 100} & \code{O(N^4)} or \code{O(N^3)} \\
I've deleted a group-closing symbol because it seems to be
spurious, as in `$x}$'. But perhaps the } is legitimate and
you forgot something else, as in `\hbox{$x}'. In such cases
the way to recover is to insert both the forgotten and the
deleted material, e.g., by typing `I$}'.

./Apunte.tex:224: Missing } inserted.
<inserted text> 
                }
l.224 \code
           {N <= 100} & \code{O(N^4)} or \code{O(N^3)} \\
I've put in what seems to be necessary to fix
the current column of the current alignment.
Try to go on, since this might almost work.

./Apunte.tex:224: Extra }, or forgotten $.
<inserted text> }
                 
l.224 \code
           {N <= 100} & \code{O(N^4)} or \code{O(N^3)} \\
I've deleted a group-closing symbol because it seems to be
spurious, as in `$x}$'. But perhaps the } is legitimate and
you forgot something else, as in `\hbox{$x}'. In such cases
the way to recover is to insert both the forgotten and the
deleted material, e.g., by typing `I$}'.

./Apunte.tex:224: Missing } inserted.
<inserted text> 
                }
l.224 \code
           {N <= 100} & \code{O(N^4)} or \code{O(N^3)} \\
I've put in what seems to be necessary to fix
the current column of the current alignment.
Try to go on, since this might almost work.

./Apunte.tex:224: Extra }, or forgotten $.
<inserted text> }
                 
l.224 \code
           {N <= 100} & \code{O(N^4)} or \code{O(N^3)} \\
I've deleted a group-closing symbol because it seems to be
spurious, as in `$x}$'. But perhaps the } is legitimate and
you forgot something else, as in `\hbox{$x}'. In such cases
the way to recover is to insert both the forgotten and the
deleted material, e.g., by typing `I$}'.

./Apunte.tex:224: Missing } inserted.
<inserted text> 
                }
l.224 \code
           {N <= 100} & \code{O(N^4)} or \code{O(N^3)} \\
I've put in what seems to be necessary to fix
the current column of the current alignment.
Try to go on, since this might almost work.

./Apunte.tex:224: Extra }, or forgotten $.
<inserted text> }
                 
l.224 \code
           {N <= 100} & \code{O(N^4)} or \code{O(N^3)} \\
I've deleted a group-closing symbol because it seems to be
spurious, as in `$x}$'. But perhaps the } is legitimate and
you forgot something else, as in `\hbox{$x}'. In such cases
the way to recover is to insert both the forgotten and the
deleted material, e.g., by typing `I$}'.

./Apunte.tex:224: Missing } inserted.
<inserted text> 
                }
l.224 \code
           {N <= 100} & \code{O(N^4)} or \code{O(N^3)} \\
I've put in what seems to be necessary to fix
the current column of the current alignment.
Try to go on, since this might almost work.

./Apunte.tex:224: Extra }, or forgotten $.
<inserted text> }
                 
l.224 \code
           {N <= 100} & \code{O(N^4)} or \code{O(N^3)} \\
I've deleted a group-closing symbol because it seems to be
spurious, as in `$x}$'. But perhaps the } is legitimate and
you forgot something else, as in `\hbox{$x}'. In such cases
the way to recover is to insert both the forgotten and the
deleted material, e.g., by typing `I$}'.

./Apunte.tex:224: Missing } inserted.
<inserted text> 
                }
l.224 \code
           {N <= 100} & \code{O(N^4)} or \code{O(N^3)} \\
I've put in what seems to be necessary to fix
the current column of the current alignment.
Try to go on, since this might almost work.

./Apunte.tex:224: Extra }, or forgotten $.
<inserted text> }
                 
l.224 \code
           {N <= 100} & \code{O(N^4)} or \code{O(N^3)} \\
I've deleted a group-closing symbol because it seems to be
spurious, as in `$x}$'. But perhaps the } is legitimate and
you forgot something else, as in `\hbox{$x}'. In such cases
the way to recover is to insert both the forgotten and the
deleted material, e.g., by typing `I$}'.

./Apunte.tex:224: Missing } inserted.
<inserted text> 
                }
l.224 \code
           {N <= 100} & \code{O(N^4)} or \code{O(N^3)} \\
I've put in what seems to be necessary to fix
the current column of the current alignment.
Try to go on, since this might almost work.

./Apunte.tex:224: Extra }, or forgotten $.
<inserted text> }
                 
l.224 \code
           {N <= 100} & \code{O(N^4)} or \code{O(N^3)} \\
I've deleted a group-closing symbol because it seems to be
spurious, as in `$x}$'. But perhaps the } is legitimate and
you forgot something else, as in `\hbox{$x}'. In such cases
the way to recover is to insert both the forgotten and the
deleted material, e.g., by typing `I$}'.

./Apunte.tex:224: Missing } inserted.
<inserted text> 
                }
l.224 \code
           {N <= 100} & \code{O(N^4)} or \code{O(N^3)} \\
I've put in what seems to be necessary to fix
the current column of the current alignment.
Try to go on, since this might almost work.

./Apunte.tex:224: Extra }, or forgotten $.
<inserted text> }
                 
l.224 \code
           {N <= 100} & \code{O(N^4)} or \code{O(N^3)} \\
I've deleted a group-closing symbol because it seems to be
spurious, as in `$x}$'. But perhaps the } is legitimate and
you forgot something else, as in `\hbox{$x}'. In such cases
the way to recover is to insert both the forgotten and the
deleted material, e.g., by typing `I$}'.

./Apunte.tex:224: Missing } inserted.
<inserted text> 
                }
l.224 \code
           {N <= 100} & \code{O(N^4)} or \code{O(N^3)} \\
I've put in what seems to be necessary to fix
the current column of the current alignment.
Try to go on, since this might almost work.

./Apunte.tex:224: Extra }, or forgotten $.
<inserted text> }
                 
l.224 \code
           {N <= 100} & \code{O(N^4)} or \code{O(N^3)} \\
I've deleted a group-closing symbol because it seems to be
spurious, as in `$x}$'. But perhaps the } is legitimate and
you forgot something else, as in `\hbox{$x}'. In such cases
the way to recover is to insert both the forgotten and the
deleted material, e.g., by typing `I$}'.

./Apunte.tex:224: Missing } inserted.
<inserted text> 
                }
l.224 \code
           {N <= 100} & \code{O(N^4)} or \code{O(N^3)} \\
I've put in what seems to be necessary to fix
the current column of the current alignment.
Try to go on, since this might almost work.

./Apunte.tex:224: Extra }, or forgotten $.
<inserted text> }
                 
l.224 \code
           {N <= 100} & \code{O(N^4)} or \code{O(N^3)} \\
I've deleted a group-closing symbol because it seems to be
spurious, as in `$x}$'. But perhaps the } is legitimate and
you forgot something else, as in `\hbox{$x}'. In such cases
the way to recover is to insert both the forgotten and the
deleted material, e.g., by typing `I$}'.

./Apunte.tex:224: Missing } inserted.
<inserted text> 
                }
l.224 \code
           {N <= 100} & \code{O(N^4)} or \code{O(N^3)} \\
I've put in what seems to be necessary to fix
the current column of the current alignment.
Try to go on, since this might almost work.

./Apunte.tex:224: Extra }, or forgotten $.
<inserted text> }
                 
l.224 \code
           {N <= 100} & \code{O(N^4)} or \code{O(N^3)} \\
I've deleted a group-closing symbol because it seems to be
spurious, as in `$x}$'. But perhaps the } is legitimate and
you forgot something else, as in `\hbox{$x}'. In such cases
the way to recover is to insert both the forgotten and the
deleted material, e.g., by typing `I$}'.

./Apunte.tex:224: Missing } inserted.
<inserted text> 
                }
l.224 \code
           {N <= 100} & \code{O(N^4)} or \code{O(N^3)} \\
I've put in what seems to be necessary to fix
the current column of the current alignment.
Try to go on, since this might almost work.

./Apunte.tex:224: Extra }, or forgotten $.
<inserted text> }
                 
l.224 \code
           {N <= 100} & \code{O(N^4)} or \code{O(N^3)} \\
I've deleted a group-closing symbol because it seems to be
spurious, as in `$x}$'. But perhaps the } is legitimate and
you forgot something else, as in `\hbox{$x}'. In such cases
the way to recover is to insert both the forgotten and the
deleted material, e.g., by typing `I$}'.

./Apunte.tex:224: Missing } inserted.
<inserted text> 
                }
l.224 \code
           {N <= 100} & \code{O(N^4)} or \code{O(N^3)} \\
I've put in what seems to be necessary to fix
the current column of the current alignment.
Try to go on, since this might almost work.

./Apunte.tex:224: Extra }, or forgotten $.
<inserted text> }
                 
l.224 \code
           {N <= 100} & \code{O(N^4)} or \code{O(N^3)} \\
(That makes 100 errors; please try again.) 
Here is how much of TeX's memory you used:
 13402 strings out of 475068
 197647 string characters out of 5764374
 981824 words of memory out of 5000000
 36194 multiletter control sequences out of 15000+600000
 570261 words of font info for 84 fonts, out of 8000000 for 9000
 62 hyphenation exceptions out of 8191
 75i,16n,79p,253b,1394s stack positions out of 10000i,1000n,20000p,200000b,200000s

./Apunte.tex:224:  ==> Fatal error occurred, no output PDF file produced!
